<resources>
	<some-resource>
		<a>sdfhfdjhjkhdfsgh</a>
		<b>nxcvbdjffxvbxcmvcxv</b>
		<c>21349074812384324</c>
	</some-resource>
	<some-resource>
		<a>sdfhfdjhjkhdfsgh</a>
		<b>nxcvbdjffxvbxcmvcxv</b>
		<c>21349074812384324</c>
	</some-resource>
	<some-resource>
		<a>sdfhfdjhjkhdfsgh</a>
		<b>nxcvbdjffxvbxcmvcxv</b>
		<c>21349074812384324</c>
	</some-resource>
	<some-resource>
		<a>sdfhfdjhjkhdfsgh</a>
		<b>nxcvbdjffxvbxcmvcxv</b>
		<c>21349074812384324</c>
	</some-resource>
</resources>